INFO    2022-09-06 17:34:29,192C:\Users\Administrator\PycharmProjects\dev_derfu\src\logs\info-2022-09-06.log:main.py:13 derfu
INFO    2022-09-06 17:34:30,911C:\Users\Administrator\PycharmProjects\dev_derfu\src\logs\info-2022-09-06.log:Access_token.py:41 
==========================================================================
请求路径: http://192.168.1.248:10073/rdp-auth/oauth/token
请求方式: POST
请求头:   {'User-Agent': 'python-requests/2.28.1', 'Accept-Encoding': 'gzip, deflate', 'Accept': '*/*', 'Connection': 'keep-alive', 'Content-Type': 'application/x-www-form-urlencoded;charset=UTF-8', 'Authorization': 'Basic ZnNtX3N0b3JlOmZzbV9zdG9yZV9zZWNyZXQ=', 'Content-Length': '72'}
请求内容: {'password': 'derfu365COM1', 'username': '18810007982', 'grant_type': 'password', 'scope': 'all'}
接口响应内容: {"access_token":"eyJhbGciOiJIUzI1NiIsInR5cCI6IkpXVCJ9.eyJ0ZW5hbnRfaWQiOiIxNTQxMzg0MDkxMjE0NTUzMDkwIiwidGVuYW50cyI6W3siaWQiOiIxNTQxMzg0MDkxMjE0NTUzMDkwIiwidGVuYW50TmFtZSI6IuW-l-acjeS9k-mqjOeuoeeQhuWFrOWPuCJ9XSwiY29tcGFueV9pZCI6IjE1NDEzODYyMzk3NTkzNjAwMDEiLCJ1c2VyX25hbWUiOiIxODgxMDAwNzk4MiIsInJvbGVzIjpbImFzc2lzdGFudCIsImZtIl0sImxhc3RfdXNlcl91cGRhdGUiOiIyMDIyLTA5LTA1IDA5OjA0OjQzIiwicmVhbF9uYW1lIjoi5bCP5ZSQIiwicGFzc3dvcmRfdXBkYXRlX3RpbWUiOiIyMDIyLTA5LTA1IDA5OjA0OjQzIiwiYXZhdGFyIjoiIiwiYXV0aG9yaXRpZXMiOlsiYXNzaXN0YW50IiwiZm0iXSwicm9sZV9pZHMiOiIxNDcwMjEzMTk0MjcyMjkyODY3LDE0NzAyMTMxOTQyNzIyOTI4NjYiLCJjbGllbnRfaWQiOiJmc21fc3RvcmUiLCJ1c2VyX2lkIjoiMTU2MjI2NDYxNDkzOTQ2Nzc3NyIsInNjb3BlIjpbImFsbCJdLCJuaWNrX25hbWUiOiIxODgxMDAwNzk4MiIsIm9hdXRoX2lkIjoiIiwiZXhwIjoxNjYzMzIwODcwLCJkZXB0X2lkIjoiIiwianRpIjoiYTBlMWJkOGYtMDAxZS00MzJkLThhNWYtZWIxOWM2NDRlYjRiIiwiYWNjb3VudCI6IjE4ODEwMDA3OTgyIn0.aZq1kPWFUciIi-2JblXMOYuYQ6cFc8OB3B5ewtKJ77w","token_type":"bearer","refresh_token":"eyJhbGciOiJIUzI1NiIsInR5cCI6IkpXVCJ9.eyJ0ZW5hbnRfaWQiOiIxNTQxMzg0MDkxMjE0NTUzMDkwIiwidGVuYW50cyI6W3siaWQiOiIxNTQxMzg0MDkxMjE0NTUzMDkwIiwidGVuYW50TmFtZSI6IuW-l-acjeS9k-mqjOeuoeeQhuWFrOWPuCJ9XSwiY29tcGFueV9pZCI6IjE1NDEzODYyMzk3NTkzNjAwMDEiLCJ1c2VyX25hbWUiOiIxODgxMDAwNzk4MiIsInJvbGVzIjpbImFzc2lzdGFudCIsImZtIl0sImxhc3RfdXNlcl91cGRhdGUiOiIyMDIyLTA5LTA1IDA5OjA0OjQzIiwicmVhbF9uYW1lIjoi5bCP5ZSQIiwicGFzc3dvcmRfdXBkYXRlX3RpbWUiOiIyMDIyLTA5LTA1IDA5OjA0OjQzIiwiYXZhdGFyIjoiIiwiYXV0aG9yaXRpZXMiOlsiYXNzaXN0YW50IiwiZm0iXSwicm9sZV9pZHMiOiIxNDcwMjEzMTk0MjcyMjkyODY3LDE0NzAyMTMxOTQyNzIyOTI4NjYiLCJjbGllbnRfaWQiOiJmc21fc3RvcmUiLCJ1c2VyX2lkIjoiMTU2MjI2NDYxNDkzOTQ2Nzc3NyIsInNjb3BlIjpbImFsbCJdLCJuaWNrX25hbWUiOiIxODgxMDAwNzk4MiIsImF0aSI6ImEwZTFiZDhmLTAwMWUtNDMyZC04YTVmLWViMTljNjQ0ZWI0YiIsIm9hdXRoX2lkIjoiIiwiZXhwIjoxNjY0MTg0ODcwLCJkZXB0X2lkIjoiIiwianRpIjoiNmU2YjkzZGUtZTdlOC00MmU1LWE2YjQtOTZmOTU3Nzg1N2UxIiwiYWNjb3VudCI6IjE4ODEwMDA3OTgyIn0.hSNyARdVtLuVUCDgW46BX7GtNYLhcSI-SmjoC0nTYEA","expires_in":863999,"scope":"all","tenant_id":"1541384091214553090","tenants":[{"id":"1541384091214553090","tenantName":"得服体验管理公司"}],"company_id":"1541386239759360001","user_name":"18810007982","roles":["assistant","fm"],"last_user_update":"2022-09-05 09:04:43","real_name":"小唐","password_update_time":"2022-09-05 09:04:43","avatar":"","role_ids":"1470213194272292867,1470213194272292866","user_id":"1562264614939467777","nick_name":"18810007982","oauth_id":"","dept_id":"","account":"18810007982","jti":"a0e1bd8f-001e-432d-8a5f-eb19c644eb4b"}
Http状态码: 200
=================================================================================
INFO    2022-09-06 17:34:31,130C:\Users\Administrator\PycharmProjects\dev_derfu\src\logs\info-2022-09-06.log:Access_token.py:41 
==========================================================================
请求路径: http://192.168.1.248:10073/rdp-auth/oauth/token
请求方式: POST
请求头:   {'User-Agent': 'python-requests/2.28.1', 'Accept-Encoding': 'gzip, deflate', 'Accept': '*/*', 'Connection': 'keep-alive', 'Content-Type': 'application/x-www-form-urlencoded;charset=UTF-8', 'Authorization': 'Basic ZnNtX3N0b3JlOmZzbV9zdG9yZV9zZWNyZXQ=', 'Content-Length': '71'}
请求内容: {'password': 'derfu365COM', 'username': '17355538290', 'grant_type': 'password', 'scope': 'all'}
接口响应内容: {"code":400,"success":false,"data":null,"message":"用户名或密码错误"}
Http状态码: 200
=================================================================================
INFO    2022-09-06 17:36:31,713C:\Users\Administrator\PycharmProjects\dev_derfu\src\logs\info-2022-09-06.log:main.py:13 derfu
INFO    2022-09-06 17:36:33,462C:\Users\Administrator\PycharmProjects\dev_derfu\src\logs\info-2022-09-06.log:Access_token.py:41 
==========================================================================
请求路径: http://192.168.1.248:10073/rdp-auth/oauth/token
请求方式: POST
请求头:   {'User-Agent': 'python-requests/2.28.1', 'Accept-Encoding': 'gzip, deflate', 'Accept': '*/*', 'Connection': 'keep-alive', 'Content-Type': 'application/x-www-form-urlencoded;charset=UTF-8', 'Authorization': 'Basic ZnNtX3N0b3JlOmZzbV9zdG9yZV9zZWNyZXQ=', 'Content-Length': '72'}
请求内容: {'password': 'derfu365COM1', 'username': '18810007982', 'grant_type': 'password', 'scope': 'all'}
接口响应内容: {"access_token":"eyJhbGciOiJIUzI1NiIsInR5cCI6IkpXVCJ9.eyJ0ZW5hbnRfaWQiOiIxNTQxMzg0MDkxMjE0NTUzMDkwIiwidGVuYW50cyI6W3siaWQiOiIxNTQxMzg0MDkxMjE0NTUzMDkwIiwidGVuYW50TmFtZSI6IuW-l-acjeS9k-mqjOeuoeeQhuWFrOWPuCJ9XSwiY29tcGFueV9pZCI6IjE1NDEzODYyMzk3NTkzNjAwMDEiLCJ1c2VyX25hbWUiOiIxODgxMDAwNzk4MiIsInJvbGVzIjpbImFzc2lzdGFudCIsImZtIl0sImxhc3RfdXNlcl91cGRhdGUiOiIyMDIyLTA5LTA1IDA5OjA0OjQzIiwicmVhbF9uYW1lIjoi5bCP5ZSQIiwicGFzc3dvcmRfdXBkYXRlX3RpbWUiOiIyMDIyLTA5LTA1IDA5OjA0OjQzIiwiYXZhdGFyIjoiIiwiYXV0aG9yaXRpZXMiOlsiYXNzaXN0YW50IiwiZm0iXSwicm9sZV9pZHMiOiIxNDcwMjEzMTk0MjcyMjkyODY3LDE0NzAyMTMxOTQyNzIyOTI4NjYiLCJjbGllbnRfaWQiOiJmc21fc3RvcmUiLCJ1c2VyX2lkIjoiMTU2MjI2NDYxNDkzOTQ2Nzc3NyIsInNjb3BlIjpbImFsbCJdLCJuaWNrX25hbWUiOiIxODgxMDAwNzk4MiIsIm9hdXRoX2lkIjoiIiwiZXhwIjoxNjYzMzIwOTkzLCJkZXB0X2lkIjoiIiwianRpIjoiZTY1ODkyYzUtY2YzZS00YTI4LWE0NzQtNzJkNGNmZTAyODUyIiwiYWNjb3VudCI6IjE4ODEwMDA3OTgyIn0.nxxlU1uOtarVkazDszcrz97xIs9zj7jeVBRUAnBCfK0","token_type":"bearer","refresh_token":"eyJhbGciOiJIUzI1NiIsInR5cCI6IkpXVCJ9.eyJ0ZW5hbnRfaWQiOiIxNTQxMzg0MDkxMjE0NTUzMDkwIiwidGVuYW50cyI6W3siaWQiOiIxNTQxMzg0MDkxMjE0NTUzMDkwIiwidGVuYW50TmFtZSI6IuW-l-acjeS9k-mqjOeuoeeQhuWFrOWPuCJ9XSwiY29tcGFueV9pZCI6IjE1NDEzODYyMzk3NTkzNjAwMDEiLCJ1c2VyX25hbWUiOiIxODgxMDAwNzk4MiIsInJvbGVzIjpbImFzc2lzdGFudCIsImZtIl0sImxhc3RfdXNlcl91cGRhdGUiOiIyMDIyLTA5LTA1IDA5OjA0OjQzIiwicmVhbF9uYW1lIjoi5bCP5ZSQIiwicGFzc3dvcmRfdXBkYXRlX3RpbWUiOiIyMDIyLTA5LTA1IDA5OjA0OjQzIiwiYXZhdGFyIjoiIiwiYXV0aG9yaXRpZXMiOlsiYXNzaXN0YW50IiwiZm0iXSwicm9sZV9pZHMiOiIxNDcwMjEzMTk0MjcyMjkyODY3LDE0NzAyMTMxOTQyNzIyOTI4NjYiLCJjbGllbnRfaWQiOiJmc21fc3RvcmUiLCJ1c2VyX2lkIjoiMTU2MjI2NDYxNDkzOTQ2Nzc3NyIsInNjb3BlIjpbImFsbCJdLCJuaWNrX25hbWUiOiIxODgxMDAwNzk4MiIsImF0aSI6ImU2NTg5MmM1LWNmM2UtNGEyOC1hNDc0LTcyZDRjZmUwMjg1MiIsIm9hdXRoX2lkIjoiIiwiZXhwIjoxNjY0MTg0OTkzLCJkZXB0X2lkIjoiIiwianRpIjoiNmUyYjAzYjQtOGY1YS00NDkwLWIyZDEtMGFkOWM2YTY0ZWU2IiwiYWNjb3VudCI6IjE4ODEwMDA3OTgyIn0.aMGzNsJus3aSDNQKVc3CT5_7pRKsCYufUG4QeLJ0WBk","expires_in":863999,"scope":"all","tenant_id":"1541384091214553090","tenants":[{"id":"1541384091214553090","tenantName":"得服体验管理公司"}],"company_id":"1541386239759360001","user_name":"18810007982","roles":["assistant","fm"],"last_user_update":"2022-09-05 09:04:43","real_name":"小唐","password_update_time":"2022-09-05 09:04:43","avatar":"","role_ids":"1470213194272292867,1470213194272292866","user_id":"1562264614939467777","nick_name":"18810007982","oauth_id":"","dept_id":"","account":"18810007982","jti":"e65892c5-cf3e-4a28-a474-72d4cfe02852"}
Http状态码: 200
=================================================================================
INFO    2022-09-06 17:36:33,712C:\Users\Administrator\PycharmProjects\dev_derfu\src\logs\info-2022-09-06.log:Access_token.py:41 
==========================================================================
请求路径: http://192.168.1.248:10073/rdp-auth/oauth/token
请求方式: POST
请求头:   {'User-Agent': 'python-requests/2.28.1', 'Accept-Encoding': 'gzip, deflate', 'Accept': '*/*', 'Connection': 'keep-alive', 'Content-Type': 'application/x-www-form-urlencoded;charset=UTF-8', 'Authorization': 'Basic ZnNtX3N0b3JlOmZzbV9zdG9yZV9zZWNyZXQ=', 'Content-Length': '71'}
请求内容: {'password': 'derfu365COM', 'username': '17355538290', 'grant_type': 'password', 'scope': 'all'}
接口响应内容: {"code":400,"success":false,"data":null,"message":"用户名或密码错误"}
Http状态码: 200
=================================================================================
